{"C:\\Users\\USUARIO\\OneDrive\\Escritorio\\laboratoria\\React_Frontend\\DEV013-movie-challenge-fw\\dev013-movie-challenge\\src\\components\\Header.tsx": {"path":"C:\\Users\\USUARIO\\OneDrive\\Escritorio\\laboratoria\\React_Frontend\\DEV013-movie-challenge-fw\\dev013-movie-challenge\\src\\components\\Header.tsx","statementMap":{"0":{"start":{"line":10,"column":0},"end":{"line":10,"column":15}},"1":{"start":{"line":2,"column":15},"end":{"line":8,"column":null}},"2":{"start":{"line":10,"column":15},"end":{"line":10,"column":null}}},"fnMap":{"0":{"name":"(anonymous_1)","decl":{"start":{"line":2,"column":15},"end":{"line":2,"column":null}},"loc":{"start":{"line":2,"column":15},"end":{"line":8,"column":null}}}},"branchMap":{},"s":{"0":1,"1":1,"2":1},"f":{"0":1},"b":{}}
}
